[debug] > Exec(early(addDefaultCommands), None, None)
[debug] > Exec(addDefaultCommands, None, None)
[debug] > Exec(early(initialize), None, None)
[debug] > Exec(initialize, None, None)
[debug] > Exec(boot, None, None)
[debug] > Exec(writeSbtVersion, None, None)
[debug] > Exec(reload, None, None)
[debug] > Exec(sbtStashOnFailure, None, None)
[debug] > Exec(onFailure loadFailed, None, None)
[debug] > Exec(loadp, None, None)
[info] welcome to sbt 1.5.5 (Oracle Corporation Java 16.0.2)
[debug]       Load.loadUnit: plugins took 87.635017ms
[debug]       Load.loadUnit: defsScala took 0.350101ms
[debug] [Loading] Scanning directory /Users/akhileshmanitripathi/.sbt/1.0/plugins
[debug] [Loading] Found non-root projects 
[debug] [Loading] Done in /Users/akhileshmanitripathi/.sbt/1.0/plugins, returning: ()
[debug] deducing auto plugins based on known facts Set(Atom(sbt.plugins.CorePlugin)) and clauses Clauses(Clause(Atom(sbt.plugins.JvmPlugin),Set(Atom(sbt.plugins.IvyPlugin)))
[debug] Clause(Atom(sbt.ScriptedPlugin),Set(Atom(sbt.plugins.JvmPlugin)))
[debug] Clause(Atom(sbt.plugins.SbtPlugin),Set(Atom(sbt.ScriptedPlugin)))
[debug] Clause(Atom(sbt.plugins.SemanticdbPlugin),Set(Atom(sbt.plugins.JvmPlugin)))
[debug] Clause(Atom(sbt.plugins.JUnitXmlReportPlugin),Set(Atom(sbt.plugins.JvmPlugin)))
[debug] Clause(Atom(sbt.plugins.MiniDependencyTreePlugin),Set(Atom(sbt.plugins.JvmPlugin)))
[debug] Clause(Atom(sbt.plugins.CorePlugin),Set(Atom(sbt.plugins.IvyPlugin)))
[debug] Clause(Atom(sbt.plugins.IvyPlugin),Set(Atom(sbt.plugins.JvmPlugin)))
[debug] Clause(Atom(sbt.plugins.JvmPlugin),Set(Atom(sbt.plugins.SemanticdbPlugin)))
[debug] Clause(Atom(sbt.plugins.JvmPlugin),Set(Atom(sbt.plugins.JUnitXmlReportPlugin)))
[debug] Clause(Atom(sbt.plugins.CorePlugin),Set(Atom(sbt.plugins.Giter8TemplatePlugin)))
[debug] Clause(Atom(sbt.plugins.JvmPlugin),Set(Atom(sbt.plugins.MiniDependencyTreePlugin))))
[debug]   :: deduced result: Matched(sbt.plugins.CorePlugin,sbt.plugins.Giter8TemplatePlugin,sbt.plugins.IvyPlugin,sbt.plugins.JvmPlugin,sbt.plugins.MiniDependencyTreePlugin,sbt.plugins.JUnitXmlReportPlugin,sbt.plugins.SemanticdbPlugin)
[debug] Plugins.deducer#function took 15.1802 ms
[debug]           Load.resolveProject(global-plugins) took 38.426921ms
[debug]         Load.loadTransitive: finalizeProject(Project(id global-plugins, base: /Users/akhileshmanitripathi/.sbt/1.0/plugins, plugins: List(<none>))) took 70.511435ms
[debug] [Loading] Done in /Users/akhileshmanitripathi/.sbt/1.0/plugins, returning: (global-plugins)
[debug]       Load.loadUnit: loadedProjectsRaw took 93.869442ms
[debug]       Load.loadUnit: cleanEvalClasses took 0.220676ms
[debug]     Load.loadUnit(file:/Users/akhileshmanitripathi/.sbt/1.0/plugins/, ...) took 191.628242ms
[debug]   Load.apply: load took 676.073882ms
[debug]   Load.apply: resolveProjects took 4.791852ms
[debug]   Load.apply: finalTransforms took 57.801132ms
[debug]   Load.apply: config.delegates took 6.174914ms
[debug]   Load.apply: Def.make(settings)... took 309.943412ms
[debug]   Load.apply: structureIndex took 95.708817ms
[debug]   Load.apply: mkStreams took 1.52313ms
[info] loading global plugins from /Users/akhileshmanitripathi/.sbt/1.0/plugins
[debug] Running task... Cancel: Signal, check cycles: false, forcegc: true
[debug] Load.defaultLoad until apply took 3484.805849ms
[debug]           Load.loadUnit: plugins took 17.828036ms
[debug]           Load.loadUnit: defsScala took 0.003497ms
[debug] [Loading] Scanning directory /Users/akhileshmanitripathi/Documents/Zomato_Assignment/project
[debug] [Loading] Found non-root projects 
[debug] [Loading] Done in /Users/akhileshmanitripathi/Documents/Zomato_Assignment/project, returning: ()
[debug] deducing auto plugins based on known facts Set(Atom(sbt.plugins.CorePlugin)) and clauses Clauses(Clause(Atom(sbt.plugins.JvmPlugin),Set(Atom(sbt.plugins.IvyPlugin)))
[debug] Clause(Atom(sbt.ScriptedPlugin),Set(Atom(sbt.plugins.JvmPlugin)))
[debug] Clause(Atom(sbt.plugins.SbtPlugin),Set(Atom(sbt.ScriptedPlugin)))
[debug] Clause(Atom(sbt.plugins.SemanticdbPlugin),Set(Atom(sbt.plugins.JvmPlugin)))
[debug] Clause(Atom(sbt.plugins.JUnitXmlReportPlugin),Set(Atom(sbt.plugins.JvmPlugin)))
[debug] Clause(Atom(sbt.plugins.MiniDependencyTreePlugin),Set(Atom(sbt.plugins.JvmPlugin)))
[debug] Clause(Atom(sbt.plugins.CorePlugin),Set(Atom(sbt.plugins.IvyPlugin)))
[debug] Clause(Atom(sbt.plugins.IvyPlugin),Set(Atom(sbt.plugins.JvmPlugin)))
[debug] Clause(Atom(sbt.plugins.JvmPlugin),Set(Atom(sbt.plugins.SemanticdbPlugin)))
[debug] Clause(Atom(sbt.plugins.JvmPlugin),Set(Atom(sbt.plugins.JUnitXmlReportPlugin)))
[debug] Clause(Atom(sbt.plugins.CorePlugin),Set(Atom(sbt.plugins.Giter8TemplatePlugin)))
[debug] Clause(Atom(sbt.plugins.JvmPlugin),Set(Atom(sbt.plugins.MiniDependencyTreePlugin))))
[debug]   :: deduced result: Matched(sbt.plugins.CorePlugin,sbt.plugins.Giter8TemplatePlugin,sbt.plugins.IvyPlugin,sbt.plugins.JvmPlugin,sbt.plugins.MiniDependencyTreePlugin,sbt.plugins.JUnitXmlReportPlugin,sbt.plugins.SemanticdbPlugin)
[debug] Plugins.deducer#function took 1.782924 ms
[debug]               Load.resolveProject(zomato_assignment-build) took 0.976322ms
[debug]             Load.loadTransitive: finalizeProject(Project(id zomato_assignment-build, base: /Users/akhileshmanitripathi/Documents/Zomato_Assignment/project, plugins: List(<none>))) took 3.348894ms
[debug] [Loading] Done in /Users/akhileshmanitripathi/Documents/Zomato_Assignment/project, returning: (zomato_assignment-build)
[debug]           Load.loadUnit: loadedProjectsRaw took 4.742571ms
[debug]           Load.loadUnit: cleanEvalClasses took 0.011321ms
[debug]         Load.loadUnit(file:/Users/akhileshmanitripathi/Documents/Zomato_Assignment/project/, ...) took 23.212756ms
[debug]       Load.apply: load took 24.584462ms
[debug]       Load.apply: resolveProjects took 0.11463ms
[debug]       Load.apply: finalTransforms took 8.115289ms
[debug]       Load.apply: config.delegates took 0.293223ms
[debug]       Load.apply: Def.make(settings)... took 52.734512ms
[debug]       Load.apply: structureIndex took 24.149517ms
[debug]       Load.apply: mkStreams took 0.001832ms
[info] loading project definition from /Users/akhileshmanitripathi/Documents/Zomato_Assignment/project
[debug] Running task... Cancel: Signal, check cycles: false, forcegc: true
[debug]     Load.loadUnit: plugins took 357.094746ms
[debug]     Load.loadUnit: defsScala took 0.004898ms
[debug] [Loading] Scanning directory /Users/akhileshmanitripathi/Documents/Zomato_Assignment
[debug]       Load.loadUnit: mkEval took 5.987295ms
[debug] [Loading] Found non-root projects 
[debug] [Loading] Done in /Users/akhileshmanitripathi/Documents/Zomato_Assignment, returning: ()
[debug] deducing auto plugins based on known facts Set(Atom(sbt.plugins.CorePlugin)) and clauses Clauses(Clause(Atom(sbt.plugins.JvmPlugin),Set(Atom(sbt.plugins.IvyPlugin)))
[debug] Clause(Atom(sbt.ScriptedPlugin),Set(Atom(sbt.plugins.JvmPlugin)))
[debug] Clause(Atom(sbt.plugins.SbtPlugin),Set(Atom(sbt.ScriptedPlugin)))
[debug] Clause(Atom(sbt.plugins.SemanticdbPlugin),Set(Atom(sbt.plugins.JvmPlugin)))
[debug] Clause(Atom(sbt.plugins.JUnitXmlReportPlugin),Set(Atom(sbt.plugins.JvmPlugin)))
[debug] Clause(Atom(sbt.plugins.MiniDependencyTreePlugin),Set(Atom(sbt.plugins.JvmPlugin)))
[debug] Clause(Atom(sbt.plugins.CorePlugin),Set(Atom(sbt.plugins.IvyPlugin)))
[debug] Clause(Atom(sbt.plugins.IvyPlugin),Set(Atom(sbt.plugins.JvmPlugin)))
[debug] Clause(Atom(sbt.plugins.JvmPlugin),Set(Atom(sbt.plugins.SemanticdbPlugin)))
[debug] Clause(Atom(sbt.plugins.JvmPlugin),Set(Atom(sbt.plugins.JUnitXmlReportPlugin)))
[debug] Clause(Atom(sbt.plugins.CorePlugin),Set(Atom(sbt.plugins.Giter8TemplatePlugin)))
[debug] Clause(Atom(sbt.plugins.JvmPlugin),Set(Atom(sbt.plugins.MiniDependencyTreePlugin))))
[debug]   :: deduced result: Matched(sbt.plugins.CorePlugin,sbt.plugins.Giter8TemplatePlugin,sbt.plugins.IvyPlugin,sbt.plugins.JvmPlugin,sbt.plugins.MiniDependencyTreePlugin,sbt.plugins.JUnitXmlReportPlugin,sbt.plugins.SemanticdbPlugin)
[debug] Plugins.deducer#function took 1.466259 ms
[info] loading settings for project zomato_assignment from build.sbt ...
[debug]         Load.resolveProject(zomato_assignment) took 1.60325ms
[debug]       Load.loadTransitive: finalizeProject(Project(id zomato_assignment, base: /Users/akhileshmanitripathi/Documents/Zomato_Assignment, plugins: List(<none>))) took 3.450643ms
[debug] [Loading] Done in /Users/akhileshmanitripathi/Documents/Zomato_Assignment, returning: (zomato_assignment)
[debug]     Load.loadUnit: loadedProjectsRaw took 1666.426963ms
[debug]     Load.loadUnit: cleanEvalClasses took 6.053159ms
[debug]   Load.loadUnit(file:/Users/akhileshmanitripathi/Documents/Zomato_Assignment/, ...) took 2030.266603ms
[debug] Load.apply: load took 2031.470975ms
[debug] Load.apply: resolveProjects took 0.085748ms
[debug] Load.apply: finalTransforms took 5.565612ms
[debug] Load.apply: config.delegates took 0.258071ms
[debug] Load.apply: Def.make(settings)... took 64.766442ms
[debug] Load.apply: structureIndex took 15.151628ms
[debug] Load.apply: mkStreams took 0.001718ms
[info] set current project to Zomato_Assignment (in build file:/Users/akhileshmanitripathi/Documents/Zomato_Assignment/)
[debug] > Exec(sbtPopOnFailure, None, None)
[debug] > Exec(resumeFromFailure, None, None)
[debug] > Exec(notifyUsersAboutShell, None, None)
[debug] > Exec(iflast shell, None, None)
[debug] > Exec(shell, None, None)
[info] sbt server started at local:///Users/akhileshmanitripathi/.sbt/1.0/server/314bdeeb16dc44ea372b/sock
[debug] Writing bsp connection file
[info] started sbt server
